1597930016889	geckodriver	INFO	Listening on 127.0.0.1:55830
1597930020049	mozrunner::runner	INFO	Running command: "C:\\Program Files (x86)\\Mozilla Firefox\\firefox.exe" "--marionette" "-foreground" "-no-remote" "-profile" "C:\\Users\\georg\\AppData\\Local\\Temp\\rust_mozprofile3EOQHO"
JavaScript error: resource://gre/modules/XULStore.jsm, line 66: Error: Can't find profile directory.
console.error: SearchCache: "_readCacheFile: Error reading cache file:" (new Error("", "(unknown module)"))
1597930034105	Marionette	INFO	Listening on port 55838
1597930034516	Marionette	WARN	TLS certificate errors will be ignored for this session
1597931418374	Marionette	INFO	Stopped listening on port 55838

###!!! [Child][MessageChannel::SendAndWait] Error: Channel error: cannot send/recv

efox\\firefox.exe" "--marionette" "-foreground" "-no-remote" "-profile" "C:\\Users\\georg\\AppData\\Local\\Temp\\rust_mozprofilePtDEio"
JavaScript error: resource://gre/modules/XULStore.jsm, line 66: Error: Can't find profile directory.
console.error: SearchCache: "_readCacheFile: Error reading cache file:" (new Error("", "(unknown module)"))
1597931196094	Marionette	INFO	Listening on port 56039
1597931196525	Marionette	WARN	TLS certificate errors will be ignored for this session
1597931445867	Marionette	INFO	Stopped listening on port 56039

###!!! [Child][RunMessage] Error: Channel closing: too late to send/recv, messages will be lost


###!!! [Child][MessageChannel::SendAndWait] Error: Channel error: cannot send/recv

ocal\\Temp\\rust_mozprofileTYaSJ0"
JavaScript error: resource://gre/modules/XULStore.jsm, line 66: Error: Can't find profile directory.
console.error: SearchCache: "_readCacheFile: Error reading cache file:" (new Error("", "(unknown module)"))
1597931427138	Marionette	INFO	Listening on port 56139
1597931427201	Marionette	WARN	TLS certificate errors will be ignored for this session
1597931597220	Marionette	INFO	Stopped listening on port 56139

###!!! [Child][RunMessage] Error: Channel closing: too late to send/recv, messages will be lost


###!!! [Child][MessageChannel::SendAndWait] Error: Channel error: cannot send/recv

1597931649994	geckodriver	INFO	Listening on 127.0.0.1:56202
1597931653088	mozrunner::runner	INFO	Running command: "C:\\Program Files (x86)\\Mozilla Firefox\\firefox.exe" "--marionette" "-foreground" "-no-remote" "-profile" "C:\\Users\\georg\\AppData\\Local\\Temp\\rust_mozprofile978gCg"
JavaScript error: resource://gre/modules/XULStore.jsm, line 66: Error: Can't find profile directory.
console.error: SearchCache: "_readCacheFile: Error reading cache file:" (new Error("", "(unknown module)"))
1597931664964	Marionette	INFO	Listening on port 56211
1597931665334	Marionette	WARN	TLS certificate errors will be ignored for this session
1597931666581	Marionette	INFO	Stopped listening on port 56211

###!!! [Child][RunMessage] Error: Channel closing: too late to send/recv, messages will be lost


###!!! [Child][MessageChannel::SendAndWait] Error: Channel error: cannot send/recv

1597933163059	geckodriver	INFO	Listening on 127.0.0.1:56330
1597933166166	mozrunner::runner	INFO	Running command: "C:\\Program Files (x86)\\Mozilla Firefox\\firefox.exe" "--marionette" "-foreground" "-no-remote" "-profile" "C:\\Users\\georg\\AppData\\Local\\Temp\\rust_mozprofileQ6lHDV"
JavaScript error: resource://gre/modules/XULStore.jsm, line 66: Error: Can't find profile directory.
console.error: SearchCache: "_readCacheFile: Error reading cache file:" (new Error("", "(unknown module)"))
1597933177777	Marionette	INFO	Listening on port 56338
1597933178082	Marionette	WARN	TLS certificate errors will be ignored for this session
1597933179163	Marionette	INFO	Stopped listening on port 56338
[Parent 17072, Gecko_IOThread] WARNING: file /builds/worker/checkouts/gecko/ipc/chromium/src/base/process_util_win.cc, line 166

###!!! [Child][RunMessage] Error: Channel closing: too late to send/recv, messages will be lost


###!!! [Child][MessageChannel::SendAndWait] Error: Channel error: cannot send/recv

1597933277425	geckodriver	INFO	Listening on 127.0.0.1:56390
1597933280537	mozrunner::runner	INFO	Running command: "C:\\Program Files (x86)\\Mozilla Firefox\\firefox.exe" "--marionette" "-foreground" "-no-remote" "-profile" "C:\\Users\\georg\\AppData\\Local\\Temp\\rust_mozprofileNYLXHz"
JavaScript error: resource://gre/modules/XULStore.jsm, line 66: Error: Can't find profile directory.
console.error: SearchCache: "_readCacheFile: Error reading cache file:" (new Error("", "(unknown module)"))
1597933292065	Marionette	INFO	Listening on port 56398
1597933292220	Marionette	WARN	TLS certificate errors will be ignored for this session
1597933293465	Marionette	INFO	Stopped listening on port 56398

###!!! [Child][RunMessage] Error: Channel closing: too late to send/recv, messages will be lost


###!!! [Child][MessageChannel::SendAndWait] Error: Channel error: cannot send/recv

1597934007323	geckodriver	INFO	Listening on 127.0.0.1:56491
1597934010469	mozrunner::runner	INFO	Running command: "C:\\Program Files (x86)\\Mozilla Firefox\\firefox.exe" "--marionette" "-foreground" "-no-remote" "-profile" "C:\\Users\\georg\\AppData\\Local\\Temp\\rust_mozprofileIquTvQ"
console.error: SearchCache: "_readCacheFile: Error reading cache file:" (new Error("", "(unknown module)"))
JavaScript error: resource://gre/modules/XULStore.jsm, line 66: Error: Can't find profile directory.
1597934022957	Marionette	INFO	Listening on port 56499
1597934023189	Marionette	WARN	TLS certificate errors will be ignored for this session
JavaScript error: resource://gre/actors/AutoCompleteChild.jsm, line 208: Error: Invalid autocomplete selectedIndex
1597934026975	Marionette	INFO	Stopped listening on port 56499

###!!! [Child][RunMessage] Error: Channel closing: too late to send/recv, messages will be lost


###!!! [Child][MessageChannel::SendAndWait] Error: Channel error: cannot send/recv

1597934295966	geckodriver	INFO	Listening on 127.0.0.1:56550
1597934299070	mozrunner::runner	INFO	Running command: "C:\\Program Files (x86)\\Mozilla Firefox\\firefox.exe" "--marionette" "-foreground" "-no-remote" "-profile" "C:\\Users\\georg\\AppData\\Local\\Temp\\rust_mozprofilek0IOIl"
JavaScript error: resource://gre/modules/XULStore.jsm, line 66: Error: Can't find profile directory.
console.error: SearchCache: "_readCacheFile: Error reading cache file:" (new Error("", "(unknown module)"))
1597934310369	Marionette	INFO	Listening on port 56558
1597934310726	Marionette	WARN	TLS certificate errors will be ignored for this session
JavaScript error: resource://gre/actors/AutoCompleteChild.jsm, line 208: Error: Invalid autocomplete selectedIndex
1597934322501	Marionette	INFO	Stopped listening on port 56558

###!!! [Child][RunMessage] Error: Channel closing: too late to send/recv, messages will be lost


###!!! [Child][MessageChannel::SendAndWait] Error: Channel error: cannot send/recv

1597934710384	geckodriver	INFO	Listening on 127.0.0.1:56630
1597934713453	mozrunner::runner	INFO	Running command: "C:\\Program Files (x86)\\Mozilla Firefox\\firefox.exe" "--marionette" "-foreground" "-no-remote" "-profile" "C:\\Users\\georg\\AppData\\Local\\Temp\\rust_mozprofileU0p6IA"
console.error: SearchCache: "_readCacheFile: Error reading cache file:" (new Error("", "(unknown module)"))
JavaScript error: resource://gre/modules/XULStore.jsm, line 66: Error: Can't find profile directory.
1597934724756	Marionette	INFO	Listening on port 56638
1597934725175	Marionette	WARN	TLS certificate errors will be ignored for this session
JavaScript error: resource://gre/actors/AutoCompleteChild.jsm, line 208: Error: Invalid autocomplete selectedIndex
1597934727954	Marionette	INFO	Stopped listening on port 56638

###!!! [Child][RunMessage] Error: Channel closing: too late to send/recv, messages will be lost


###!!! [Child][MessageChannel::SendAndWait] Error: Channel error: cannot send/recv

1597934737889	geckodriver	INFO	Listening on 127.0.0.1:56685
1597934740980	mozrunner::runner	INFO	Running command: "C:\\Program Files (x86)\\Mozilla Firefox\\firefox.exe" "--marionette" "-foreground" "-no-remote" "-profile" "C:\\Users\\georg\\AppData\\Local\\Temp\\rust_mozprofilegKO1uY"
JavaScript error: resource://gre/modules/XULStore.jsm, line 66: Error: Can't find profile directory.
console.error: SearchCache: "_readCacheFile: Error reading cache file:" (new Error("", "(unknown module)"))
1597934752863	Marionette	INFO	Listening on port 56693
1597934753192	Marionette	WARN	TLS certificate errors will be ignored for this session
JavaScript error: resource://gre/actors/AutoCompleteChild.jsm, line 208: Error: Invalid autocomplete selectedIndex
1597934764952	Marionette	INFO	Stopped listening on port 56693

###!!! [Child][RunMessage] Error: Channel closing: too late to send/recv, messages will be lost


###!!! [Child][MessageChannel::SendAndWait] Error: Channel error: cannot send/recv

1597934787450	geckodriver	INFO	Listening on 127.0.0.1:56739
1597934790518	mozrunner::runner	INFO	Running command: "C:\\Program Files (x86)\\Mozilla Firefox\\firefox.exe" "--marionette" "-foreground" "-no-remote" "-profile" "C:\\Users\\georg\\AppData\\Local\\Temp\\rust_mozprofileocrafK"
JavaScript error: resource://gre/modules/XULStore.jsm, line 66: Error: Can't find profile directory.
console.error: SearchCache: "_readCacheFile: Error reading cache file:" (new Error("", "(unknown module)"))
1597934801567	Marionette	INFO	Listening on port 56747
1597934801697	Marionette	WARN	TLS certificate errors will be ignored for this session
JavaScript error: resource://gre/actors/AutoCompleteChild.jsm, line 208: Error: Invalid autocomplete selectedIndex
1597934804631	Marionette	INFO	Stopped listening on port 56747

###!!! [Child][RunMessage] Error: Channel closing: too late to send/recv, messages will be lost


###!!! [Child][MessageChannel::SendAndWait] Error: Channel error: cannot send/recv

1597934956064	geckodriver	INFO	Listening on 127.0.0.1:56811
1597934959153	mozrunner::runner	INFO	Running command: "C:\\Program Files (x86)\\Mozilla Firefox\\firefox.exe" "--marionette" "-foreground" "-no-remote" "-profile" "C:\\Users\\georg\\AppData\\Local\\Temp\\rust_mozprofileQB0j8k"
JavaScript error: resource://gre/modules/XULStore.jsm, line 66: Error: Can't find profile directory.
console.error: SearchCache: "_readCacheFile: Error reading cache file:" (new Error("", "(unknown module)"))
1597934971063	Marionette	INFO	Listening on port 56819
1597934971357	Marionette	WARN	TLS certificate errors will be ignored for this session
JavaScript error: resource://gre/actors/AutoCompleteChild.jsm, line 208: Error: Invalid autocomplete selectedIndex
1597934974335	Marionette	INFO	Stopped listening on port 56819

###!!! [Child][RunMessage] Error: Channel closing: too late to send/recv, messages will be lost


###!!! [Child][MessageChannel::SendAndWait] Error: Channel error: cannot send/recv

1597935070512	geckodriver	INFO	Listening on 127.0.0.1:56866
1597935073638	mozrunner::runner	INFO	Running command: "C:\\Program Files (x86)\\Mozilla Firefox\\firefox.exe" "--marionette" "-foreground" "-no-remote" "-profile" "C:\\Users\\georg\\AppData\\Local\\Temp\\rust_mozprofiletzMX8U"
JavaScript error: resource://gre/modules/XULStore.jsm, line 66: Error: Can't find profile directory.
console.error: SearchCache: "_readCacheFile: Error reading cache file:" (new Error("", "(unknown module)"))
1597935084738	Marionette	INFO	Listening on port 56876
1597935084844	Marionette	WARN	TLS certificate errors will be ignored for this session
JavaScript error: resource://gre/actors/AutoCompleteChild.jsm, line 208: Error: Invalid autocomplete selectedIndex
1597935087956	Marionette	INFO	Stopped listening on port 56876

###!!! [Child][RunMessage] Error: Channel closing: too late to send/recv, messages will be lost


###!!! [Child][MessageChannel::SendAndWait] Error: Channel error: cannot send/recv

1597935231359	geckodriver	INFO	Listening on 127.0.0.1:56935
1597935234446	mozrunner::runner	INFO	Running command: "C:\\Program Files (x86)\\Mozilla Firefox\\firefox.exe" "--marionette" "-foreground" "-no-remote" "-profile" "C:\\Users\\georg\\AppData\\Local\\Temp\\rust_mozprofileyf9IXa"
JavaScript error: resource://gre/modules/XULStore.jsm, line 66: Error: Can't find profile directory.
console.error: SearchCache: "_readCacheFile: Error reading cache file:" (new Error("", "(unknown module)"))
1597935245461	Marionette	INFO	Listening on port 56943
1597935245736	Marionette	WARN	TLS certificate errors will be ignored for this session
JavaScript error: resource://gre/actors/AutoCompleteChild.jsm, line 208: Error: Invalid autocomplete selectedIndex
1597935248634	Marionette	INFO	Stopped listening on port 56943

###!!! [Child][RunMessage] Error: Channel closing: too late to send/recv, messages will be lost


###!!! [Child][MessageChannel::SendAndWait] Error: Channel error: cannot send/recv

1597935361447	geckodriver	INFO	Listening on 127.0.0.1:56996
1597935364527	mozrunner::runner	INFO	Running command: "C:\\Program Files (x86)\\Mozilla Firefox\\firefox.exe" "--marionette" "-foreground" "-no-remote" "-profile" "C:\\Users\\georg\\AppData\\Local\\Temp\\rust_mozprofileDestIQ"
JavaScript error: resource://gre/modules/XULStore.jsm, line 66: Error: Can't find profile directory.
console.error: SearchCache: "_readCacheFile: Error reading cache file:" (new Error("", "(unknown module)"))
1597935375730	Marionette	INFO	Listening on port 57004
1597935376189	Marionette	WARN	TLS certificate errors will be ignored for this session
JavaScript error: resource://gre/actors/AutoCompleteChild.jsm, line 208: Error: Invalid autocomplete selectedIndex
1597935380773	Marionette	INFO	Stopped listening on port 57004

###!!! [Child][RunMessage] Error: Channel closing: too late to send/recv, messages will be lost


###!!! [Child][MessageChannel::SendAndWait] Error: Channel error: cannot send/recv

1597935801795	geckodriver	INFO	Listening on 127.0.0.1:57091
1597935804889	mozrunner::runner	INFO	Running command: "C:\\Program Files (x86)\\Mozilla Firefox\\firefox.exe" "--marionette" "-foreground" "-no-remote" "-profile" "C:\\Users\\georg\\AppData\\Local\\Temp\\rust_mozprofilezuqkwz"
JavaScript error: resource://gre/modules/XULStore.jsm, line 66: Error: Can't find profile directory.
console.error: SearchCache: "_readCacheFile: Error reading cache file:" (new Error("", "(unknown module)"))
1597935816094	Marionette	INFO	Listening on port 57099
1597935816320	Marionette	WARN	TLS certificate errors will be ignored for this session
JavaScript error: resource://gre/actors/AutoCompleteChild.jsm, line 208: Error: Invalid autocomplete selectedIndex
1597935820679	Marionette	INFO	Stopped listening on port 57099

###!!! [Child][RunMessage] Error: Channel closing: too late to send/recv, messages will be lost


###!!! [Child][MessageChannel::SendAndWait] Error: Channel error: cannot send/recv

1597936708435	geckodriver	INFO	Listening on 127.0.0.1:57222
1597936711559	mozrunner::runner	INFO	Running command: "C:\\Program Files (x86)\\Mozilla Firefox\\firefox.exe" "--marionette" "-foreground" "-no-remote" "-profile" "C:\\Users\\georg\\AppData\\Local\\Temp\\rust_mozprofileCb4O28"
JavaScript error: resource://gre/modules/XULStore.jsm, line 66: Error: Can't find profile directory.
console.error: SearchCache: "_readCacheFile: Error reading cache file:" (new Error("", "(unknown module)"))
1597936724334	Marionette	INFO	Listening on port 57230
1597936724379	Marionette	WARN	TLS certificate errors will be ignored for this session
1597936726894	Marionette	INFO	Stopped listening on port 57230

###!!! [Child][RunMessage] Error: Channel closing: too late to send/recv, messages will be lost


###!!! [Child][MessageChannel::SendAndWait] Error: Channel error: cannot send/recv

1597936844710	geckodriver	INFO	Listening on 127.0.0.1:57313
1597936847858	mozrunner::runner	INFO	Running command: "C:\\Program Files (x86)\\Mozilla Firefox\\firefox.exe" "--marionette" "-foreground" "-no-remote" "-profile" "C:\\Users\\georg\\AppData\\Local\\Temp\\rust_mozprofileU8E0Oo"
JavaScript error: resource://gre/modules/XULStore.jsm, line 66: Error: Can't find profile directory.
console.error: SearchCache: "_readCacheFile: Error reading cache file:" (new Error("", "(unknown module)"))
1597936860738	Marionette	INFO	Listening on port 57321
1597936861194	Marionette	WARN	TLS certificate errors will be ignored for this session
JavaScript error: resource://gre/actors/AutoCompleteChild.jsm, line 208: Error: Invalid autocomplete selectedIndex
1597936866453	Marionette	INFO	Stopped listening on port 57321

###!!! [Child][RunMessage] Error: Channel closing: too late to send/recv, messages will be lost


###!!! [Child][MessageChannel::SendAndWait] Error: Channel error: cannot send/recv

1597936889145	geckodriver	INFO	Listening on 127.0.0.1:57369
1597936892199	mozrunner::runner	INFO	Running command: "C:\\Program Files (x86)\\Mozilla Firefox\\firefox.exe" "--marionette" "-foreground" "-no-remote" "-profile" "C:\\Users\\georg\\AppData\\Local\\Temp\\rust_mozprofileb6LEER"
JavaScript error: resource://gre/modules/XULStore.jsm, line 66: Error: Can't find profile directory.
console.error: SearchCache: "_readCacheFile: Error reading cache file:" (new Error("", "(unknown module)"))
1597936905636	Marionette	INFO	Listening on port 57377
1597936905993	Marionette	WARN	TLS certificate errors will be ignored for this session
JavaScript error: resource://gre/actors/AutoCompleteChild.jsm, line 208: Error: Invalid autocomplete selectedIndex
1597936911180	Marionette	INFO	Stopped listening on port 57377

###!!! [Child][RunMessage] Error: Channel closing: too late to send/recv, messages will be lost


###!!! [Child][MessageChannel::SendAndWait] Error: Channel error: cannot send/recv

